# JRE version: OpenJDK Runtime Environment (21.0.8) (build 21.0.8+-14018985-b1038.68)
# Java VM: OpenJDK 64-Bit Server VM (21.0.8+-14018985-b1038.68, mixed mode, tiered, compressed oops, compressed class ptrs, g1 gc, windows-amd64)
GC Precious Log:
 CardTable entry size: 512
 Card Set container configuration: InlinePtr #cards 4 size 8 Array Of Cards #cards 32 size 80 Howl #buckets 8 coarsen threshold 7372 Howl Bitmap #cards 1024 size 144 coarsen threshold 921 Card regions per heap region 1 cards per card region 8192
 CPUs: 12 total, 12 available
 Memory: 7916M
 Large Page Support: Disabled
 NUMA Support: Disabled
 Compressed Oops: Enabled (Zero based)
 Heap Region Size: 4M
 Heap Min Capacity: 8M
 Heap Initial Capacity: 124M
 Heap Max Capacity: 8G
 Pre-touch: Disabled
 Parallel Workers: 10
 Concurrent Workers: 3
 Concurrent Refinement Workers: 10
 Periodic GC: Disabled
Heap:
 garbage-first heap   total 581632K, used 208265K [0x0000000600000000, 0x0000000800000000)
  region size 4096K, 7 young (28672K), 7 survivors (28672K)
 Metaspace       used 186030K, committed 188800K, reserved 1245184K
  class space    used 25270K, committed 26624K, reserved 1048576K
GC Heap History (20 events):
Event: 331.298 GC heap after
{Heap after GC invocations=42 (full 0):
 garbage-first heap   total 290816K, used 139768K [0x0000000600000000, 0x0000000800000000)
  region size 4096K, 2 young (8192K), 2 survivors (8192K)
 Metaspace       used 121811K, committed 124160K, reserved 1179648K
  class space    used 17295K, committed 18432K, reserved 1048576K
}
Event: 333.583 GC heap before
{Heap before GC invocations=43 (full 0):
 garbage-first heap   total 290816K, used 213496K [0x0000000600000000, 0x0000000800000000)
  region size 4096K, 20 young (81920K), 2 survivors (8192K)
 Metaspace       used 128635K, committed 131008K, reserved 1179648K
  class space    used 18179K, committed 19328K, reserved 1048576K
}
Event: 333.595 GC heap after
{Heap after GC invocations=44 (full 0):
 garbage-first heap   total 290816K, used 144090K [0x0000000600000000, 0x0000000800000000)
  region size 4096K, 3 young (12288K), 3 survivors (12288K)
 Metaspace       used 128635K, committed 131008K, reserved 1179648K
  class space    used 18179K, committed 19328K, reserved 1048576K
}
Event: 333.779 GC heap before
{Heap before GC invocations=44 (full 0):
 garbage-first heap   total 290816K, used 152282K [0x0000000600000000, 0x0000000800000000)
  region size 4096K, 5 young (20480K), 3 survivors (12288K)
 Metaspace       used 128944K, committed 131264K, reserved 1179648K
  class space    used 18207K, committed 19328K, reserved 1048576K
}
Event: 333.795 GC heap after
{Heap after GC invocations=45 (full 0):
 garbage-first heap   total 290816K, used 145537K [0x0000000600000000, 0x0000000800000000)
  region size 4096K, 1 young (4096K), 1 survivors (4096K)
 Metaspace       used 128944K, committed 131264K, reserved 1179648K
  class space    used 18207K, committed 19328K, reserved 1048576K
}
Event: 337.475 GC heap before
{Heap before GC invocations=45 (full 0):
 garbage-first heap   total 290816K, used 247937K [0x0000000600000000, 0x0000000800000000)
  region size 4096K, 26 young (106496K), 1 survivors (4096K)
 Metaspace       used 140367K, committed 142720K, reserved 1179648K
  class space    used 19521K, committed 20672K, reserved 1048576K
}
Event: 337.508 GC heap after
{Heap after GC invocations=46 (full 0):
 garbage-first heap   total 581632K, used 151484K [0x0000000600000000, 0x0000000800000000)
  region size 4096K, 2 young (8192K), 2 survivors (8192K)
 Metaspace       used 140367K, committed 142720K, reserved 1179648K
  class space    used 19521K, committed 20672K, reserved 1048576K
}
Event: 561.825 GC heap before
{Heap before GC invocations=47 (full 0):
 garbage-first heap   total 507904K, used 315324K [0x0000000600000000, 0x0000000800000000)
  region size 4096K, 43 young (176128K), 2 survivors (8192K)
 Metaspace       used 158841K, committed 161280K, reserved 1245184K
  class space    used 21447K, committed 22656K, reserved 1048576K
}
Event: 562.248 GC heap after
{Heap after GC invocations=48 (full 0):
 garbage-first heap   total 507904K, used 164829K [0x0000000600000000, 0x0000000800000000)
  region size 4096K, 6 young (24576K), 6 survivors (24576K)
 Metaspace       used 158841K, committed 161280K, reserved 1245184K
  class space    used 21447K, committed 22656K, reserved 1048576K
}
Event: 562.641 GC heap before
{Heap before GC invocations=48 (full 0):
 garbage-first heap   total 507904K, used 168925K [0x0000000600000000, 0x0000000800000000)
  region size 4096K, 7 young (28672K), 6 survivors (24576K)
 Metaspace       used 159219K, committed 161664K, reserved 1245184K
  class space    used 21486K, committed 22656K, reserved 1048576K
}
Event: 562.780 GC heap after
{Heap after GC invocations=49 (full 0):
 garbage-first heap   total 507904K, used 166108K [0x0000000600000000, 0x0000000800000000)
  region size 4096K, 1 young (4096K), 1 survivors (4096K)
 Metaspace       used 159219K, committed 161664K, reserved 1245184K
  class space    used 21486K, committed 22656K, reserved 1048576K
}
Event: 581.594 GC heap before
{Heap before GC invocations=49 (full 0):
 garbage-first heap   total 507904K, used 338140K [0x0000000600000000, 0x0000000800000000)
  region size 4096K, 44 young (180224K), 1 survivors (4096K)
 Metaspace       used 171098K, committed 173760K, reserved 1245184K
  class space    used 23143K, committed 24448K, reserved 1048576K
}
Event: 581.728 GC heap after
{Heap after GC invocations=50 (full 0):
 garbage-first heap   total 507904K, used 174932K [0x0000000600000000, 0x0000000800000000)
  region size 4096K, 3 young (12288K), 3 survivors (12288K)
 Metaspace       used 171098K, committed 173760K, reserved 1245184K
  class space    used 23143K, committed 24448K, reserved 1048576K
}
Event: 590.054 GC heap before
{Heap before GC invocations=51 (full 0):
 garbage-first heap   total 507904K, used 260948K [0x0000000600000000, 0x0000000800000000)
  region size 4096K, 24 young (98304K), 3 survivors (12288K)
 Metaspace       used 177284K, committed 179968K, reserved 1245184K
  class space    used 24165K, committed 25472K, reserved 1048576K
}
Event: 590.092 GC heap after
{Heap after GC invocations=52 (full 0):
 garbage-first heap   total 507904K, used 177899K [0x0000000600000000, 0x0000000800000000)
  region size 4096K, 1 young (4096K), 1 survivors (4096K)
 Metaspace       used 177284K, committed 179968K, reserved 1245184K
  class space    used 24165K, committed 25472K, reserved 1048576K
}
Event: 596.878 GC heap before
{Heap before GC invocations=52 (full 0):
 garbage-first heap   total 507904K, used 317163K [0x0000000600000000, 0x0000000800000000)
  region size 4096K, 35 young (143360K), 1 survivors (4096K)
 Metaspace       used 181765K, committed 184448K, reserved 1245184K
  class space    used 24683K, committed 25984K, reserved 1048576K
}
Event: 597.199 GC heap after
{Heap after GC invocations=53 (full 0):
 garbage-first heap   total 507904K, used 184350K [0x0000000600000000, 0x0000000800000000)
  region size 4096K, 3 young (12288K), 3 survivors (12288K)
 Metaspace       used 181765K, committed 184448K, reserved 1245184K
  class space    used 24683K, committed 25984K, reserved 1048576K
}
Event: 597.817 GC heap before
{Heap before GC invocations=53 (full 0):
 garbage-first heap   total 507904K, used 196638K [0x0000000600000000, 0x0000000800000000)
  region size 4096K, 6 young (24576K), 3 survivors (12288K)
 Metaspace       used 181765K, committed 184448K, reserved 1245184K
  class space    used 24683K, committed 25984K, reserved 1048576K
}
Event: 597.886 GC heap after
{Heap after GC invocations=54 (full 0):
 garbage-first heap   total 507904K, used 183377K [0x0000000600000000, 0x0000000800000000)
  region size 4096K, 1 young (4096K), 1 survivors (4096K)
 Metaspace       used 181765K, committed 184448K, reserved 1245184K
  class space    used 24683K, committed 25984K, reserved 1048576K
}
Event: 757.525 GC heap before
{Heap before GC invocations=54 (full 0):
 garbage-first heap   total 507904K, used 396369K [0x0000000600000000, 0x0000000800000000)
  region size 4096K, 55 young (225280K), 1 survivors (4096K)
 Metaspace       used 186030K, committed 188800K, reserved 1245184K
  class space    used 25270K, committed 26624K, reserved 1048576K
}

